EVIDENCE_DIR=/root/stagei_evidence/01_hci_lifecycle
=== preflight 1970-01-01T00:20:06+00:00 ===
Linux milkv-duo 5.10.4-tag- #1 PREEMPT Fri May 30 14:51:54 CST 2025 riscv64 GNU/Linux
NAME=Buildroot
VERSION=-g6b03c2762
ID=buildroot
VERSION_ID=2025.02
PRETTY_NAME="Buildroot 2025.02"
5: wlan0: <BROADCAST,MULTICAST,UP,LOWER_UP> mtu 1500 qdisc mq state UNKNOWN qlen 1000
    link/ether 88:00:33:77:78:f7 brd ff:ff:ff:ff:ff:ff
0: phy0: Wireless LAN
	Soft blocked: no
	Hard blocked: no
=== attach: authoritative UART4/H4, 1500000, RTS/CTS ===
hci0:	Type: Primary  Bus: UART
	BD Address: 0B:3B:22:AC:88:20  ACL MTU: 1021:9  SCO MTU: 255:4
	UP RUNNING 
	RX bytes:774 acl:0 sco:0 events:51 errors:0
	TX bytes:2257 acl:0 sco:0 commands:51 errors:0
	Features: 0xbf 0x2e 0x4d 0xfe 0xd8 0x3f 0x7b 0x87
	Packet type: DM1 DM3 DM5 DH1 DH3 DH5 HV1 HV3 
	Link policy: RSWITCH SNIFF 
	Link mode: PERIPHERAL ACCEPT 
	Name: 'BlueZ 5.79'
	Class: 0x000000
	Service Classes: Unspecified
	Device Class: Miscellaneous, 
	HCI Version: 5.4 (0xd)  Revision: 0xb
	LMP Version: 5.4 (0xd)  Subversion: 0xb
	Manufacturer: not assigned (2875)

Controller 0B:3B:22:AC:88:20 BlueZ 5.79 [default]
hci0 type 7 discovering on
SetDiscoveryFilter success
Failed to stop discovery: org.bluez.Error.Failed
hci0:	Type: Primary  Bus: UART
	BD Address: 0B:3B:22:AC:88:20  ACL MTU: 1021:9  SCO MTU: 255:4
	UP RUNNING 
	RX bytes:1082 acl:0 sco:0 events:58 errors:0
	TX bytes:2311 acl:0 sco:0 commands:58 errors:0
	Features: 0xbf 0x2e 0x4d 0xfe 0xd8 0x3f 0x7b 0x87
	Packet type: DM1 DM3 DM5 DH1 DH3 DH5 HV1 HV3 
	Link policy: RSWITCH SNIFF 
	Link mode: PERIPHERAL ACCEPT 
	Name: 'BlueZ 5.79'
	Class: 0x000000
	Service Classes: Unspecified
	Device Class: Miscellaneous, 
	HCI Version: 5.4 (0xd)  Revision: 0xb
	LMP Version: 5.4 (0xd)  Subversion: 0xb
	Manufacturer: not assigned (2875)

PASS_FOR_STAGEI_HCI_LIFECYCLE
=== cleanup 1970-01-01T00:20:09+00:00 ===
Failed to stop discovery: org.bluez.Error.Failed
=== post-cleanup verification ===
aic8800_fdrv          551304  0 
aic8800_bsp           102080  1 aic8800_fdrv
5: wlan0: <BROADCAST,MULTICAST,UP,LOWER_UP> mtu 1500 qdisc mq state UNKNOWN qlen 1000
    link/ether 88:00:33:77:78:f7 brd ff:ff:ff:ff:ff:ff
POST_HCI0_ABSENT=PASS
