{
  "status": "PASS",
  "scope": "DUO_S_TPU_RECORDED_REPLAY_NOT_LIVE_BLE_UART_OR_WIFI",
  "rounds_requested": 10,
  "rounds_passed": 10,
  "rounds": [
    {
      "round": 1,
      "status": "PASS",
      "frames": 570,
      "windows": 267,
      "notify_chunks": 1319,
      "top1_matches": 267,
      "top1_match_rate": 1.0,
      "max_logit_abs_diff_vs_wsl_simulator": 0.0,
      "state_events_exact": true,
      "safety_events_exact": true,
      "model_load_us": 38432.08,
      "pipeline_p50_us": 4288.52,
      "pipeline_p95_us": 9120.4,
      "pipeline_max_us": 21443.84,
      "inference_failures": 0,
      "safe_mode_emg_upload_requests": 0,
      "uart_frames": 85,
      "rss_before_kb": 31856,
      "rss_after_kb": 34320,
      "elapsed_ms": 9996.3852
    },
    {
      "round": 2,
      "status": "PASS",
      "frames": 570,
      "windows": 267,
      "notify_chunks": 1319,
      "top1_matches": 267,
      "top1_match_rate": 1.0,
      "max_logit_abs_diff_vs_wsl_simulator": 0.0,
      "state_events_exact": true,
      "safety_events_exact": true,
      "model_load_us": 9624.64,
      "pipeline_p50_us": 4286.36,
      "pipeline_p95_us": 8845.08,
      "pipeline_max_us": 26932.36,
      "inference_failures": 0,
      "safe_mode_emg_upload_requests": 0,
      "uart_frames": 85,
      "rss_before_kb": 34296,
      "rss_after_kb": 34404,
      "elapsed_ms": 9848.06504
    },
    {
      "round": 3,
      "status": "PASS",
      "frames": 570,
      "windows": 267,
      "notify_chunks": 1319,
      "top1_matches": 267,
      "top1_match_rate": 1.0,
      "max_logit_abs_diff_vs_wsl_simulator": 0.0,
      "state_events_exact": true,
      "safety_events_exact": true,
      "model_load_us": 29028.88,
      "pipeline_p50_us": 4283.32,
      "pipeline_p95_us": 7593.44,
      "pipeline_max_us": 24339.48,
      "inference_failures": 0,
      "safe_mode_emg_upload_requests": 0,
      "uart_frames": 85,
      "rss_before_kb": 34380,
      "rss_after_kb": 34464,
      "elapsed_ms": 9700.08184
    },
    {
      "round": 4,
      "status": "PASS",
      "frames": 570,
      "windows": 267,
      "notify_chunks": 1319,
      "top1_matches": 267,
      "top1_match_rate": 1.0,
      "max_logit_abs_diff_vs_wsl_simulator": 0.0,
      "state_events_exact": true,
      "safety_events_exact": true,
      "model_load_us": 9002.68,
      "pipeline_p50_us": 4283.76,
      "pipeline_p95_us": 8953.64,
      "pipeline_max_us": 28840.76,
      "inference_failures": 0,
      "safe_mode_emg_upload_requests": 0,
      "uart_frames": 85,
      "rss_before_kb": 34424,
      "rss_after_kb": 34508,
      "elapsed_ms": 10007.67576
    },
    {
      "round": 5,
      "status": "PASS",
      "frames": 570,
      "windows": 267,
      "notify_chunks": 1319,
      "top1_matches": 267,
      "top1_match_rate": 1.0,
      "max_logit_abs_diff_vs_wsl_simulator": 0.0,
      "state_events_exact": true,
      "safety_events_exact": true,
      "model_load_us": 9221.92,
      "pipeline_p50_us": 4282.76,
      "pipeline_p95_us": 9031.92,
      "pipeline_max_us": 21669.4,
      "inference_failures": 0,
      "safe_mode_emg_upload_requests": 0,
      "uart_frames": 85,
      "rss_before_kb": 34480,
      "rss_after_kb": 34592,
      "elapsed_ms": 10037.6478
    },
    {
      "round": 6,
      "status": "PASS",
      "frames": 570,
      "windows": 267,
      "notify_chunks": 1319,
      "top1_matches": 267,
      "top1_match_rate": 1.0,
      "max_logit_abs_diff_vs_wsl_simulator": 0.0,
      "state_events_exact": true,
      "safety_events_exact": true,
      "model_load_us": 9187.16,
      "pipeline_p50_us": 4283.56,
      "pipeline_p95_us": 9759.28,
      "pipeline_max_us": 20305.96,
      "inference_failures": 0,
      "safe_mode_emg_upload_requests": 0,
      "uart_frames": 85,
      "rss_before_kb": 34560,
      "rss_after_kb": 34636,
      "elapsed_ms": 10014.4974
    },
    {
      "round": 7,
      "status": "PASS",
      "frames": 570,
      "windows": 267,
      "notify_chunks": 1319,
      "top1_matches": 267,
      "top1_match_rate": 1.0,
      "max_logit_abs_diff_vs_wsl_simulator": 0.0,
      "state_events_exact": true,
      "safety_events_exact": true,
      "model_load_us": 9300.52,
      "pipeline_p50_us": 4282.72,
      "pipeline_p95_us": 10262.8,
      "pipeline_max_us": 24329.52,
      "inference_failures": 0,
      "safe_mode_emg_upload_requests": 0,
      "uart_frames": 85,
      "rss_before_kb": 34604,
      "rss_after_kb": 34676,
      "elapsed_ms": 9998.8418
    },
    {
      "round": 8,
      "status": "PASS",
      "frames": 570,
      "windows": 267,
      "notify_chunks": 1319,
      "top1_matches": 267,
      "top1_match_rate": 1.0,
      "max_logit_abs_diff_vs_wsl_simulator": 0.0,
      "state_events_exact": true,
      "safety_events_exact": true,
      "model_load_us": 9218.96,
      "pipeline_p50_us": 4286.12,
      "pipeline_p95_us": 9672.52,
      "pipeline_max_us": 27814.08,
      "inference_failures": 0,
      "safe_mode_emg_upload_requests": 0,
      "uart_frames": 85,
      "rss_before_kb": 34648,
      "rss_after_kb": 34692,
      "elapsed_ms": 10002.54636
    },
    {
      "round": 9,
      "status": "PASS",
      "frames": 570,
      "windows": 267,
      "notify_chunks": 1319,
      "top1_matches": 267,
      "top1_match_rate": 1.0,
      "max_logit_abs_diff_vs_wsl_simulator": 0.0,
      "state_events_exact": true,
      "safety_events_exact": true,
      "model_load_us": 9039.52,
      "pipeline_p50_us": 4274.0,
      "pipeline_p95_us": 9175.84,
      "pipeline_max_us": 19636.36,
      "inference_failures": 0,
      "safe_mode_emg_upload_requests": 0,
      "uart_frames": 85,
      "rss_before_kb": 34668,
      "rss_after_kb": 34700,
      "elapsed_ms": 9987.476
    },
    {
      "round": 10,
      "status": "PASS",
      "frames": 570,
      "windows": 267,
      "notify_chunks": 1319,
      "top1_matches": 267,
      "top1_match_rate": 1.0,
      "max_logit_abs_diff_vs_wsl_simulator": 0.0,
      "state_events_exact": true,
      "safety_events_exact": true,
      "model_load_us": 9126.92,
      "pipeline_p50_us": 4281.12,
      "pipeline_p95_us": 8348.0,
      "pipeline_max_us": 18432.32,
      "inference_failures": 0,
      "safe_mode_emg_upload_requests": 0,
      "uart_frames": 85,
      "rss_before_kb": 34676,
      "rss_after_kb": 34700,
      "elapsed_ms": 9552.7104
    }
  ],
  "pipeline_p95_max_us": 10262.8,
  "rss_first_kb": 31856,
  "rss_last_kb": 34700
}
