{
  "status": "PASS",
  "scope": "DUO_S_TPU_RECORDED_REPLAY_NOT_LIVE_BLE_UART_OR_WIFI",
  "rounds_requested": 10,
  "rounds_passed": 10,
  "rounds": [
    {
      "round": 1,
      "status": "PASS",
      "frames": 570,
      "windows": 267,
      "notify_chunks": 1319,
      "top1_matches": 267,
      "top1_match_rate": 1.0,
      "max_logit_abs_diff_vs_wsl_simulator": 0.0,
      "state_events_exact": true,
      "safety_events_exact": true,
      "model_load_us": 27515.16,
      "pipeline_p50_us": 4331.56,
      "pipeline_p95_us": 10487.44,
      "pipeline_max_us": 16985.92,
      "inference_failures": 0,
      "safe_mode_emg_upload_requests": 0,
      "uart_frames": 85,
      "rss_before_kb": 31796,
      "rss_after_kb": 34256,
      "elapsed_ms": 9879.10804
    },
    {
      "round": 2,
      "status": "PASS",
      "frames": 570,
      "windows": 267,
      "notify_chunks": 1319,
      "top1_matches": 267,
      "top1_match_rate": 1.0,
      "max_logit_abs_diff_vs_wsl_simulator": 0.0,
      "state_events_exact": true,
      "safety_events_exact": true,
      "model_load_us": 9497.6,
      "pipeline_p50_us": 4318.08,
      "pipeline_p95_us": 9172.04,
      "pipeline_max_us": 26201.28,
      "inference_failures": 0,
      "safe_mode_emg_upload_requests": 0,
      "uart_frames": 85,
      "rss_before_kb": 34232,
      "rss_after_kb": 34336,
      "elapsed_ms": 9674.7844
    },
    {
      "round": 3,
      "status": "PASS",
      "frames": 570,
      "windows": 267,
      "notify_chunks": 1319,
      "top1_matches": 267,
      "top1_match_rate": 1.0,
      "max_logit_abs_diff_vs_wsl_simulator": 0.0,
      "state_events_exact": true,
      "safety_events_exact": true,
      "model_load_us": 19961.24,
      "pipeline_p50_us": 4322.16,
      "pipeline_p95_us": 4976.08,
      "pipeline_max_us": 25031.16,
      "inference_failures": 0,
      "safe_mode_emg_upload_requests": 0,
      "uart_frames": 85,
      "rss_before_kb": 34312,
      "rss_after_kb": 34412,
      "elapsed_ms": 9788.68008
    },
    {
      "round": 4,
      "status": "PASS",
      "frames": 570,
      "windows": 267,
      "notify_chunks": 1319,
      "top1_matches": 267,
      "top1_match_rate": 1.0,
      "max_logit_abs_diff_vs_wsl_simulator": 0.0,
      "state_events_exact": true,
      "safety_events_exact": true,
      "model_load_us": 9009.24,
      "pipeline_p50_us": 4324.52,
      "pipeline_p95_us": 10289.04,
      "pipeline_max_us": 31829.44,
      "inference_failures": 0,
      "safe_mode_emg_upload_requests": 0,
      "uart_frames": 85,
      "rss_before_kb": 34372,
      "rss_after_kb": 34452,
      "elapsed_ms": 9945.41352
    },
    {
      "round": 5,
      "status": "PASS",
      "frames": 570,
      "windows": 267,
      "notify_chunks": 1319,
      "top1_matches": 267,
      "top1_match_rate": 1.0,
      "max_logit_abs_diff_vs_wsl_simulator": 0.0,
      "state_events_exact": true,
      "safety_events_exact": true,
      "model_load_us": 9262.8,
      "pipeline_p50_us": 4327.88,
      "pipeline_p95_us": 9926.36,
      "pipeline_max_us": 19579.68,
      "inference_failures": 0,
      "safe_mode_emg_upload_requests": 0,
      "uart_frames": 85,
      "rss_before_kb": 34424,
      "rss_after_kb": 34536,
      "elapsed_ms": 9963.70584
    },
    {
      "round": 6,
      "status": "PASS",
      "frames": 570,
      "windows": 267,
      "notify_chunks": 1319,
      "top1_matches": 267,
      "top1_match_rate": 1.0,
      "max_logit_abs_diff_vs_wsl_simulator": 0.0,
      "state_events_exact": true,
      "safety_events_exact": true,
      "model_load_us": 9025.64,
      "pipeline_p50_us": 4336.92,
      "pipeline_p95_us": 11282.44,
      "pipeline_max_us": 18667.08,
      "inference_failures": 0,
      "safe_mode_emg_upload_requests": 0,
      "uart_frames": 85,
      "rss_before_kb": 34504,
      "rss_after_kb": 34580,
      "elapsed_ms": 9930.16
    },
    {
      "round": 7,
      "status": "PASS",
      "frames": 570,
      "windows": 267,
      "notify_chunks": 1319,
      "top1_matches": 267,
      "top1_match_rate": 1.0,
      "max_logit_abs_diff_vs_wsl_simulator": 0.0,
      "state_events_exact": true,
      "safety_events_exact": true,
      "model_load_us": 9093.72,
      "pipeline_p50_us": 4322.36,
      "pipeline_p95_us": 11063.56,
      "pipeline_max_us": 24410.56,
      "inference_failures": 0,
      "safe_mode_emg_upload_requests": 0,
      "uart_frames": 85,
      "rss_before_kb": 34548,
      "rss_after_kb": 34620,
      "elapsed_ms": 9941.15676
    },
    {
      "round": 8,
      "status": "PASS",
      "frames": 570,
      "windows": 267,
      "notify_chunks": 1319,
      "top1_matches": 267,
      "top1_match_rate": 1.0,
      "max_logit_abs_diff_vs_wsl_simulator": 0.0,
      "state_events_exact": true,
      "safety_events_exact": true,
      "model_load_us": 9072.72,
      "pipeline_p50_us": 4342.12,
      "pipeline_p95_us": 8712.04,
      "pipeline_max_us": 19022.52,
      "inference_failures": 0,
      "safe_mode_emg_upload_requests": 0,
      "uart_frames": 85,
      "rss_before_kb": 34592,
      "rss_after_kb": 34632,
      "elapsed_ms": 9923.68664
    },
    {
      "round": 9,
      "status": "PASS",
      "frames": 570,
      "windows": 267,
      "notify_chunks": 1319,
      "top1_matches": 267,
      "top1_match_rate": 1.0,
      "max_logit_abs_diff_vs_wsl_simulator": 0.0,
      "state_events_exact": true,
      "safety_events_exact": true,
      "model_load_us": 9390.72,
      "pipeline_p50_us": 4328.44,
      "pipeline_p95_us": 6106.8,
      "pipeline_max_us": 16244.68,
      "inference_failures": 0,
      "safe_mode_emg_upload_requests": 0,
      "uart_frames": 85,
      "rss_before_kb": 34608,
      "rss_after_kb": 34644,
      "elapsed_ms": 9536.0092
    },
    {
      "round": 10,
      "status": "PASS",
      "frames": 570,
      "windows": 267,
      "notify_chunks": 1319,
      "top1_matches": 267,
      "top1_match_rate": 1.0,
      "max_logit_abs_diff_vs_wsl_simulator": 0.0,
      "state_events_exact": true,
      "safety_events_exact": true,
      "model_load_us": 8988.44,
      "pipeline_p50_us": 4326.92,
      "pipeline_p95_us": 9572.04,
      "pipeline_max_us": 15904.28,
      "inference_failures": 0,
      "safe_mode_emg_upload_requests": 0,
      "uart_frames": 85,
      "rss_before_kb": 34620,
      "rss_after_kb": 34644,
      "elapsed_ms": 9913.28764
    }
  ],
  "pipeline_p95_max_us": 11282.44,
  "rss_first_kb": 31796,
  "rss_last_kb": 34644
}
